[2025-02-12 21:17:47,239] INFO in contact: Received contact form submission from humphreyotieno04@gmail.com
[2025-02-12 21:17:49,929] ERROR in contact: Failed to send email: (535, b'5.7.8 Username and Password not accepted. For more information, go to\n5.7.8  https://support.google.com/mail/?p=BadCredentials 5b1f17b1804b1-4395a056151sm27332015e9.16 - gsmtp')
[2025-02-12 21:17:49,929] ERROR in contact: Error processing contact form: (535, b'5.7.8 Username and Password not accepted. For more information, go to\n5.7.8  https://support.google.com/mail/?p=BadCredentials 5b1f17b1804b1-4395a056151sm27332015e9.16 - gsmtp')
[2025-02-12 21:19:24,924] INFO in contact: Received contact form submission from humphreyotieno04@gmail.com
[2025-02-12 21:19:27,980] ERROR in contact: Failed to send email: (535, b'5.7.8 Username and Password not accepted. For more information, go to\n5.7.8  https://support.google.com/mail/?p=BadCredentials 5b1f17b1804b1-4395a04cd48sm27555625e9.5 - gsmtp')
[2025-02-12 21:19:27,980] ERROR in contact: Error processing contact form: (535, b'5.7.8 Username and Password not accepted. For more information, go to\n5.7.8  https://support.google.com/mail/?p=BadCredentials 5b1f17b1804b1-4395a04cd48sm27555625e9.5 - gsmtp')
[2025-02-12 21:23:31] INFO [contact.py:192] - Starting server with email configuration: smtp.zoho.com:587
[2025-02-12 21:23:31] INFO [contact.py:193] - Recipient email configured as: info.support@legalizeme.site
[2025-02-12 21:23:35] INFO [contact.py:138] - Received contact form submission request from IP: 127.0.0.1
[2025-02-12 21:23:35] WARNING [contact.py:158] - Invalid phone format: 234567890
[2025-02-12 21:23:54] INFO [contact.py:138] - Received contact form submission request from IP: 127.0.0.1
[2025-02-12 21:24:00] INFO [contact.py:118] - Email sent successfully for humphreyotieno04@gmail.com
[2025-02-12 21:25:38] INFO [contact.py:138] - Received contact form submission request from IP: 127.0.0.1
[2025-02-12 21:25:38] WARNING [contact.py:158] - Invalid phone format: 3456765432
[2025-02-12 21:34:17] INFO [contact.py:138] - Received contact form submission request from IP: 127.0.0.1
[2025-02-12 21:34:22] INFO [contact.py:118] - Email sent successfully for testuser@gmail.com
[2025-02-12 21:50:07] INFO [app.py:234] - Starting server with email configuration: smtp.zoho.com:587
[2025-02-12 21:50:07] INFO [app.py:235] - Recipient email configured as: info.support@legalizeme.site
[2025-02-12 21:50:11] INFO [app.py:107] - Received contact form submission request from IP: 127.0.0.1
[2025-02-12 21:50:18] INFO [app.py:87] - Email sent successfully for humphreyotieno04@gmail.com
[2025-02-12 21:50:43] INFO [app.py:87] - Email sent successfully for anothertest@gmail.com
[2025-02-13 14:37:46] INFO [app.py:277] - Starting server with email configuration: smtp.zoho.com:587
[2025-02-13 14:37:46] INFO [app.py:278] - Recipient email configured as: info.support@legalizeme.site
[2025-02-13 14:38:45] INFO [app.py:240] - Received feedback from Researcher: {'userType': 'Researcher', 'goals': 'Test goals', 'challenges': 'Test barriers', 'alternatives': 'Test', 'fairPrice': '200', 'qualityPrice': '200', 'expensivePrice': '200', 'usefulFeatures': ['Legal research & case law database'], 'satisfaction': '5', 'referralSource': 'Social Media', 'otherUserType': '', 'otherReferralSource': ''}
[2025-02-13 14:38:50] INFO [app.py:87] - Email sent successfully for subscriber
[2025-02-13 14:40:43] INFO [app.py:240] - Received feedback from Student: {'userType': 'Student', 'goals': 'Test', 'challenges': 'Test', 'alternatives': 'test1', 'fairPrice': '100', 'qualityPrice': '100', 'expensivePrice': '100', 'usefulFeatures': ['Legal research & case law database'], 'satisfaction': 5, 'referralSource': 'Referral', 'otherUserType': '', 'otherReferralSource': ''}
[2025-02-13 14:40:47] INFO [app.py:87] - Email sent successfully for subscriber
[2025-02-13 14:57:51] INFO [app.py:240] - Received feedback from Student: {'userType': 'Student', 'goals': 'Test', 'challenges': 'test', 'alternatives': 'test', 'fairPrice': '1', 'qualityPrice': '1', 'expensivePrice': '1', 'usefulFeatures': ['AI-powered document drafting'], 'satisfaction': 5, 'referralSource': 'Other', 'otherUserType': '', 'otherReferralSource': 'Whatsapp'}
[2025-02-13 14:57:56] INFO [app.py:87] - Email sent successfully for subscriber
[2025-02-13 15:00:03] INFO [app.py:240] - Received feedback from Student: {'userType': 'Student', 'goals': '1', 'challenges': '1', 'alternatives': '1', 'fairPrice': '1', 'qualityPrice': '1', 'expensivePrice': '1', 'usefulFeatures': ['AI-powered document drafting', 'Other'], 'satisfaction': 5, 'referralSource': 'Referral', 'otherUserType': '', 'otherReferralSource': '', 'otherUsefulFeature': 'UX'}
[2025-02-13 15:00:07] INFO [app.py:87] - Email sent successfully for subscriber
[2025-02-13 15:01:35] INFO [app.py:240] - Received feedback from Student: {'userType': 'Student', 'goals': '1', 'challenges': '2', 'alternatives': '3', 'fairPrice': '4', 'qualityPrice': '5', 'expensivePrice': '6', 'usefulFeatures': ['AI-powered document drafting'], 'satisfaction': 5, 'referralSource': 'Online Search', 'otherUserType': '', 'otherReferralSource': ''}
[2025-02-13 15:01:55] INFO [app.py:87] - Email sent successfully for subscriber
[2025-02-13 15:02:46] INFO [app.py:240] - Received feedback from Lawyer: {'userType': 'Lawyer', 'goals': '1', 'challenges': '2', 'alternatives': '3', 'fairPrice': '5', 'qualityPrice': '6', 'expensivePrice': '7', 'usefulFeatures': ['AI-powered document drafting'], 'satisfaction': 5, 'referralSource': 'Event/Conference', 'otherUserType': '', 'otherReferralSource': ''}
[2025-02-13 15:02:50] INFO [app.py:87] - Email sent successfully for subscriber
[2025-02-13 15:05:48] INFO [app.py:240] - Received feedback from Student: {'userType': 'Student', 'goals': '1', 'challenges': '2', 'alternatives': '3', 'fairPrice': '4', 'qualityPrice': '5', 'expensivePrice': '6', 'usefulFeatures': ['AI-powered document drafting'], 'satisfaction': 5, 'referralSource': 'Referral', 'otherUserType': '', 'otherReferralSource': ''}
[2025-02-13 15:05:52] INFO [app.py:87] - Email sent successfully for subscriber
[2025-02-13 15:10:17] INFO [app.py:240] - Received feedback from Researcher: {'userType': 'Researcher', 'goals': '1', 'challenges': '2', 'alternatives': '3', 'fairPrice': '4', 'qualityPrice': '5', 'expensivePrice': '6', 'usefulFeatures': ['AI-powered document drafting'], 'satisfaction': 5, 'referralSource': 'Event/Conference', 'otherUserType': '', 'otherReferralSource': ''}
[2025-02-13 15:10:21] INFO [app.py:87] - Email sent successfully for subscriber
[2025-02-13 15:11:44] INFO [app.py:240] - Received feedback from Student: {'userType': 'Student', 'goals': '1', 'challenges': '2', 'alternatives': '3', 'fairPrice': '4', 'qualityPrice': '5', 'expensivePrice': '6', 'usefulFeatures': ['AI-powered document drafting'], 'satisfaction': 5, 'referralSource': 'Social Media', 'otherUserType': '', 'otherReferralSource': ''}
[2025-02-13 15:11:48] INFO [app.py:87] - Email sent successfully for subscriber
[2025-02-14 10:20:13] INFO [app.py:298] - Starting server with email configuration: smtp.zoho.com:587
[2025-02-14 10:20:13] INFO [app.py:299] - Recipient email configured as: info.support@legalizeme.site
[2025-02-14 10:21:28] INFO [app.py:240] - Received feedback from Other: {'userType': 'Other', 'goals': '1', 'challenges': '2', 'alternatives': '3', 'fairPrice': '5', 'qualityPrice': '6', 'expensivePrice': '7', 'usefulFeatures': ['AI-powered document drafting'], 'satisfaction': 5, 'referralSource': 'Other', 'otherUserType': 'Dev', 'otherReferralSource': 'Google'}
[2025-02-14 10:21:32] INFO [app.py:87] - Email sent successfully for subscriber
[2025-02-14 10:22:09] INFO [app.py:240] - Received feedback from Researcher: {'userType': 'Researcher', 'goals': '1', 'challenges': '2', 'alternatives': '3', 'fairPrice': '4', 'qualityPrice': '5', 'expensivePrice': '6', 'usefulFeatures': ['AI-powered document drafting'], 'satisfaction': 5, 'referralSource': 'Twitter', 'otherUserType': '', 'otherReferralSource': ''}
[2025-02-14 10:22:13] INFO [app.py:87] - Email sent successfully for subscriber
[2025-02-14 11:46:07] INFO [app.py:319] - Starting server with email configuration: smtp.zoho.com:587
[2025-02-14 11:46:07] INFO [app.py:320] - Recipient email configured as: info.support@legalizeme.site
